mode: set
github.com/saward/pq/money/money.go:16.35,21.2 3 1
github.com/saward/pq/money/money.go:32.52,33.18 1 1
github.com/saward/pq/money/money.go:38.2,43.16 4 1
github.com/saward/pq/money/money.go:50.2,50.12 1 1
github.com/saward/pq/money/money.go:33.18,36.3 2 1
github.com/saward/pq/money/money.go:43.16,46.3 2 0
github.com/saward/pq/money/money.go:46.4,48.3 1 1
github.com/saward/pq/money/money.go:54.51,55.15 1 1
github.com/saward/pq/money/money.go:59.2,59.25 1 1
github.com/saward/pq/money/money.go:55.15,57.3 1 0
github.com/saward/pq/money/money.go:67.47,68.18 1 1
github.com/saward/pq/money/money.go:72.2,74.14 2 1
github.com/saward/pq/money/money.go:78.2,80.16 2 1
github.com/saward/pq/money/money.go:84.2,84.12 1 1
github.com/saward/pq/money/money.go:68.18,70.3 1 0
github.com/saward/pq/money/money.go:74.14,76.3 1 0
github.com/saward/pq/money/money.go:80.16,82.3 1 0
github.com/saward/pq/money/money.go:87.46,89.2 1 1
github.com/saward/pq/money/money.go:91.32,93.2 1 1
github.com/saward/pq/money/money.go:95.30,97.2 1 1
github.com/saward/pq/money/money.go:99.48,101.37 2 1
github.com/saward/pq/money/money.go:105.2,108.16 3 1
github.com/saward/pq/money/money.go:112.2,115.12 3 1
github.com/saward/pq/money/money.go:101.37,103.3 1 0
github.com/saward/pq/money/money.go:108.16,110.3 1 0
github.com/saward/pq/money/money.go:118.44,123.2 3 1
github.com/saward/pq/money/money.go:125.35,127.2 1 1
github.com/saward/pq/money/money.go:129.51,131.16 2 1
github.com/saward/pq/money/money.go:135.2,137.15 2 1
github.com/saward/pq/money/money.go:140.2,140.45 1 1
github.com/saward/pq/money/money.go:131.16,133.3 1 1
github.com/saward/pq/money/money.go:137.15,139.3 1 1
